[2J[01;01H[=3h[2J[01;01H[2J[01;01H[=3h[2J[01;01H[2J[01;01H[=3h[2J[01;01HBdsDxe: loading Boot0001 "UEFI QEMU HARDDISK QM00001 " from PciRoot(0x0)/Pci(0x1,0x1)/Ata(Primary,Master,0x0)
BdsDxe: starting Boot0001 "UEFI QEMU HARDDISK QM00001 " from PciRoot(0x0)/Pci(0x1,0x1)/Ata(Primary,Master,0x0)
[2J[01;01H[0m[36m[40m==================================================
          Antigravity UEFI Bootloader v1.0        
==================================================

Initializing File System... [0m[32m[40mSUCCESS
[0m[37m[40mESP root volume opened from boot device handle: 0xe5c0d98
Listing directory: /
  [DIR]  EFI
  [DIR]  kernel
  [FILE] NvVars (1391 bytes)
Initializing Graphics Output Protocol... [0m[32m[40mSUCCESS
[0m[37m[40mGOP Resolution: 2048x2048 (2048 pixels per scanline)
GOP Pixel Format: BGRx (1), Framebuffer=0x80000000
Loading /kernel/kernel.elf... [0m[32m[40mOPENED (238264 bytes from ESP)
[0m[37m[40mLoading PT_LOAD segment: VAddr=0xfff000, PhysAddr=0xfff000, FileSz=181392, MemSz=181392, Pages=45
Warning: AllocatePages at 0xfff000 returned e. Attempting direct load...
Loading PT_LOAD segment: VAddr=0x102c490, PhysAddr=0x102c490, FileSz=816, MemSz=18230128, Pages=4451
Warning: AllocatePages at 0x102c490 returned e. Attempting direct load...
[0m[32m[40mSUCCESS
[0m[37m[40mKernel ELF Loaded: Base=0xfff000, Size=18415616 bytes, Entry=0x1000000
/kernel/kernel.elf was read through the ESP root volume opened from the boot image device.
ACPI RSDP Table found at: 0xf588000
CPU: AuthenticAMD (Fam=15, Mod=107, Step=1)
Boot Time: %04d-%02d-%02d %02d:%02d:%02d UTC
Exiting Boot Services...
[PS2] mouse init start
[PS2] aux enabled
[PS2] mouse default ACK
[PS2] mouse reporting enabled ACK
[IRQ12] mouse byte received
[IRQ12] mouse byte received
[IRQ12] mouse byte received
[IRQ12] mouse byte received
[IRQ12] mouse byte received
[MOUSE] packet dx/dy received
[EVENT] MouseMove
[GUI] cursor redraw
[IRQ12] mouse byte received
[IRQ12] mouse byte received
[IRQ12] mouse byte received
[IRQ12] mouse byte received
[MOUSE] packet dx/dy received
[EVENT] MouseMove
[GUI] cursor redraw
[IRQ12] mouse byte received
[IRQ12] mouse byte received
[IRQ12] mouse byte received
[IRQ12] mouse byte received
[MOUSE] packet dx/dy received
[EVENT] MouseMove
[GUI] cursor redraw
[IRQ12] mouse byte received
[IRQ12] mouse byte received
[IRQ12] mouse byte received
[IRQ12] mouse byte received
[MOUSE] packet dx/dy received
[EVENT] MouseMove
[GUI] cursor redraw
[IRQ12] mouse byte received
[IRQ12] mouse byte received
[IRQ12] mouse byte received
[IRQ12] mouse byte received
[MOUSE] packet dx/dy received
[EVENT] MouseMove
[GUI] cursor redraw
[IRQ12] mouse byte received
[IRQ12] mouse byte received
[IRQ12] mouse byte received
[IRQ12] mouse byte received
[MOUSE] packet dx/dy received
[EVENT] MouseMove
[GUI] cursor redraw
[IRQ12] mouse byte received
[IRQ12] mouse byte received
[IRQ12] mouse byte received
[IRQ12] mouse byte received
[MOUSE] packet dx/dy received
[EVENT] MouseMove
[GUI] cursor redraw
[IRQ12] mouse byte received
[IRQ12] mouse byte received
[IRQ12] mouse byte received
[IRQ12] mouse byte received
[MOUSE] packet dx/dy received
[EVENT] MouseMove
[GUI] cursor redraw
[IRQ12] mouse byte received
[IRQ12] mouse byte received
[IRQ12] mouse byte received
[IRQ12] mouse byte received
[MOUSE] packet dx/dy received
[EVENT] MouseMove
[GUI] cursor redraw
[IRQ12] mouse byte received
[IRQ12] mouse byte received
[IRQ12] mouse byte received
[IRQ12] mouse byte received
[MOUSE] packet dx/dy received
[EVENT] MouseMove
[GUI] cursor redraw
[IRQ12] mouse byte received
[IRQ12] mouse byte received
[IRQ12] mouse byte received
[IRQ12] mouse byte received
[MOUSE] packet dx/dy received
[EVENT] MouseMove
[GUI] cursor redraw
[IRQ12] mouse byte received
[IRQ12] mouse byte received
[IRQ12] mouse byte received
[IRQ12] mouse byte received
[MOUSE] packet dx/dy received
[EVENT] MouseMove
[GUI] cursor redraw
[IRQ12] mouse byte received
[IRQ12] mouse byte received
[IRQ12] mouse byte received
[IRQ12] mouse byte received
[MOUSE] packet dx/dy received
[EVENT] MouseMove
[GUI] cursor redraw
[IRQ12] mouse byte received
[IRQ12] mouse byte received
[IRQ12] mouse byte received
[IRQ12] mouse byte received
[MOUSE] packet dx/dy received
[EVENT] MouseMove
[GUI] cursor redraw
[IRQ12] mouse byte received
[IRQ12] mouse byte received
[IRQ12] mouse byte received
[IRQ12] mouse byte received
[MOUSE] packet dx/dy received
[EVENT] MouseMove
[GUI] cursor redraw
[IRQ12] mouse byte received
[IRQ12] mouse byte received
[IRQ12] mouse byte received
[IRQ12] mouse byte received
[MOUSE] packet dx/dy received
[EVENT] MouseMove
[GUI] cursor redraw
[IRQ12] mouse byte received
[IRQ12] mouse byte received
[IRQ12] mouse byte received
[IRQ12] mouse byte received
[MOUSE] packet dx/dy received
[EVENT] MouseMove
[GUI] cursor redraw
[IRQ12] mouse byte received
[IRQ12] mouse byte received
[IRQ12] mouse byte received
[IRQ12] mouse byte received
[MOUSE] packet dx/dy received
[EVENT] MouseMove
[GUI] cursor redraw
[IRQ12] mouse byte received
[IRQ12] mouse byte received
[IRQ12] mouse byte received
[IRQ12] mouse byte received
[MOUSE] packet dx/dy received
[EVENT] MouseMove
[GUI] cursor redraw
[IRQ12] mouse byte received
[IRQ12] mouse byte received
[IRQ12] mouse byte received
[IRQ12] mouse byte received
[MOUSE] packet dx/dy received
[EVENT] MouseMove
[GUI] cursor redraw
[IRQ12] mouse byte received
[IRQ12] mouse byte received
[IRQ12] mouse byte received
[IRQ12] mouse byte received
[MOUSE] packet dx/dy received
[EVENT] MouseMove
[GUI] cursor redraw
[IRQ12] mouse byte received
[IRQ12] mouse byte received
[IRQ12] mouse byte received
[IRQ12] mouse byte received
[MOUSE] packet dx/dy received
[EVENT] MouseMove
[GUI] cursor redraw
[IRQ12] mouse byte received
[IRQ12] mouse byte received
[IRQ12] mouse byte received
[IRQ12] mouse byte received
[MOUSE] packet dx/dy received
[EVENT] MouseMove
[GUI] cursor redraw
[IRQ12] mouse byte received
[IRQ12] mouse byte received
[IRQ12] mouse byte received
[IRQ12] mouse byte received
[MOUSE] packet dx/dy received
[EVENT] MouseMove
[GUI] cursor redraw
[IRQ12] mouse byte received
[IRQ12] mouse byte received
[IRQ12] mouse byte received
[IRQ12] mouse byte received
[MOUSE] packet dx/dy received
[EVENT] MouseMove
[GUI] cursor redraw
[IRQ12] mouse byte received
[IRQ12] mouse byte received
[IRQ12] mouse byte received
[IRQ12] mouse byte received
[MOUSE] packet dx/dy received
[EVENT] MouseMove
[GUI] cursor redraw
[IRQ12] mouse byte received
[IRQ12] mouse byte received
[IRQ12] mouse byte received
[IRQ12] mouse byte received
[MOUSE] packet dx/dy received
[EVENT] MouseMove
[GUI] cursor redraw
[IRQ12] mouse byte received
[IRQ12] mouse byte received
[IRQ12] mouse byte received
[IRQ12] mouse byte received
[MOUSE] packet dx/dy received
[EVENT] MouseMove
[GUI] cursor redraw
[IRQ12] mouse byte received
[IRQ12] mouse byte received
[IRQ12] mouse byte received
[IRQ12] mouse byte received
[MOUSE] packet dx/dy received
[EVENT] MouseMove
[GUI] cursor redraw
[IRQ12] mouse byte received
[IRQ12] mouse byte received
[IRQ12] mouse byte received
[IRQ12] mouse byte received
[MOUSE] packet dx/dy received
[EVENT] MouseMove
[GUI] cursor redraw
[IRQ12] mouse byte received
[IRQ12] mouse byte received
[IRQ12] mouse byte received
[IRQ12] mouse byte received
[MOUSE] packet dx/dy received
[EVENT] MouseMove
[GUI] cursor redraw
[IRQ12] mouse byte received
[IRQ12] mouse byte received
[IRQ12] mouse byte received
[IRQ12] mouse byte received
[MOUSE] packet dx/dy received
[EVENT] MouseMove
[GUI] cursor redraw
[IRQ12] mouse byte received
[IRQ12] mouse byte received
[IRQ12] mouse byte received
[IRQ12] mouse byte received
[MOUSE] packet dx/dy received
[EVENT] MouseMove
[GUI] cursor redraw
[IRQ12] mouse byte received
[IRQ12] mouse byte received
[IRQ12] mouse byte received
[IRQ12] mouse byte received
[MOUSE] packet dx/dy received
[EVENT] MouseMove
[GUI] cursor redraw
[IRQ12] mouse byte received
[IRQ12] mouse byte received
[IRQ12] mouse byte received
[IRQ12] mouse byte received
[MOUSE] packet dx/dy received
[EVENT] MouseMove
[GUI] cursor redraw
[IRQ12] mouse byte received
[IRQ12] mouse byte received
[IRQ12] mouse byte received
[IRQ12] mouse byte received
[MOUSE] packet dx/dy received
[EVENT] MouseMove
[GUI] cursor redraw
[IRQ12] mouse byte received
[IRQ12] mouse byte received
[IRQ12] mouse byte received
[IRQ12] mouse byte received
[MOUSE] packet dx/dy received
[EVENT] MouseMove
[GUI] cursor redraw
[IRQ12] mouse byte received
[IRQ12] mouse byte received
[IRQ12] mouse byte received
[IRQ12] mouse byte received
[MOUSE] packet dx/dy received
[EVENT] MouseMove
[GUI] cursor redraw
[IRQ12] mouse byte received
[IRQ12] mouse byte received
[IRQ12] mouse byte received
[IRQ12] mouse byte received
[MOUSE] packet dx/dy received
[EVENT] MouseMove
[GUI] cursor redraw
[IRQ12] mouse byte received
[IRQ12] mouse byte received
[IRQ12] mouse byte received
[IRQ12] mouse byte received
[MOUSE] packet dx/dy received
[EVENT] MouseMove
[GUI] cursor redraw
[IRQ12] mouse byte received
[IRQ12] mouse byte received
[IRQ12] mouse byte received
[IRQ12] mouse byte received
[MOUSE] packet dx/dy received
[EVENT] MouseMove
[GUI] cursor redraw
[IRQ12] mouse byte received
[IRQ12] mouse byte received
[IRQ12] mouse byte received
[IRQ12] mouse byte received
[MOUSE] packet dx/dy received
[EVENT] MouseMove
[GUI] cursor redraw
[IRQ12] mouse byte received
[IRQ12] mouse byte received
[IRQ12] mouse byte received
[IRQ12] mouse byte received
[MOUSE] packet dx/dy received
[EVENT] MouseMove
[GUI] cursor redraw
[IRQ12] mouse byte received
[IRQ12] mouse byte received
[IRQ12] mouse byte received
[IRQ12] mouse byte received
[MOUSE] packet dx/dy received
[EVENT] MouseMove
[GUI] cursor redraw
[IRQ12] mouse byte received
[IRQ12] mouse byte received
[IRQ12] mouse byte received
[IRQ12] mouse byte received
[MOUSE] packet dx/dy received
[EVENT] MouseMove
[GUI] cursor redraw
[IRQ12] mouse byte received
[IRQ12] mouse byte received
[IRQ12] mouse byte received
[IRQ12] mouse byte received
[MOUSE] packet dx/dy received
[EVENT] MouseMove
[GUI] cursor redraw
[IRQ12] mouse byte received
[IRQ12] mouse byte received
[IRQ12] mouse byte received
[IRQ12] mouse byte received
[MOUSE] packet dx/dy received
[EVENT] MouseMove
[GUI] cursor redraw
[IRQ12] mouse byte received
[IRQ12] mouse byte received
[IRQ12] mouse byte received
[IRQ12] mouse byte received
[MOUSE] packet dx/dy received
[EVENT] MouseMove
[GUI] cursor redraw
[IRQ12] mouse byte received
[IRQ12] mouse byte received
[IRQ12] mouse byte received
[IRQ12] mouse byte received
[MOUSE] packet dx/dy received
[EVENT] MouseMove
[GUI] cursor redraw
[IRQ12] mouse byte received
[IRQ12] mouse byte received
[IRQ12] mouse byte received
[IRQ12] mouse byte received
[MOUSE] packet dx/dy received
[EVENT] MouseMove
[GUI] cursor redraw
[IRQ12] mouse byte received
[IRQ12] mouse byte received
[IRQ12] mouse byte received
[IRQ12] mouse byte received
[MOUSE] packet dx/dy received
[EVENT] MouseMove
[GUI] cursor redraw
[IRQ12] mouse byte received
[IRQ12] mouse byte received
[IRQ12] mouse byte received
[IRQ12] mouse byte received
[MOUSE] packet dx/dy received
[EVENT] MouseMove
[GUI] cursor redraw
[IRQ12] mouse byte received
[IRQ12] mouse byte received
[IRQ12] mouse byte received
[IRQ12] mouse byte received
[MOUSE] packet dx/dy received
[EVENT] MouseMove
[GUI] cursor redraw
[IRQ12] mouse byte received
[IRQ12] mouse byte received
[IRQ12] mouse byte received
[IRQ12] mouse byte received
[MOUSE] packet dx/dy received
[EVENT] MouseMove
[GUI] cursor redraw
[IRQ12] mouse byte received
[IRQ12] mouse byte received
[IRQ12] mouse byte received
[IRQ12] mouse byte received
[MOUSE] packet dx/dy received
[EVENT] MouseMove
[GUI] cursor redraw
[IRQ12] mouse byte received
[IRQ12] mouse byte received
[IRQ12] mouse byte received
[IRQ12] mouse byte received
[MOUSE] packet dx/dy received
[EVENT] MouseMove
[GUI] cursor redraw
[IRQ12] mouse byte received
[IRQ12] mouse byte received
[IRQ12] mouse byte received
[IRQ12] mouse byte received
[MOUSE] packet dx/dy received
[EVENT] MouseMove
[GUI] cursor redraw
[IRQ12] mouse byte received
[IRQ12] mouse byte received
[IRQ12] mouse byte received
[IRQ12] mouse byte received
[MOUSE] packet dx/dy received
[EVENT] MouseMove
[GUI] cursor redraw
[IRQ12] mouse byte received
[IRQ12] mouse byte received
[IRQ12] mouse byte received
[IRQ12] mouse byte received
[MOUSE] packet dx/dy received
[EVENT] MouseMove
[GUI] cursor redraw
[IRQ12] mouse byte received
[IRQ12] mouse byte received
[IRQ12] mouse byte received
[IRQ12] mouse byte received
[MOUSE] packet dx/dy received
[EVENT] MouseMove
[GUI] cursor redraw
[IRQ12] mouse byte received
[IRQ12] mouse byte received
[IRQ12] mouse byte received
[IRQ12] mouse byte received
[MOUSE] packet dx/dy received
[EVENT] MouseMove
[GUI] cursor redraw
[IRQ12] mouse byte received
[IRQ12] mouse byte received
[IRQ12] mouse byte received
[IRQ12] mouse byte received
[MOUSE] packet dx/dy received
[EVENT] MouseMove
[GUI] cursor redraw
[IRQ12] mouse byte received
[IRQ12] mouse byte received
[IRQ12] mouse byte received
[IRQ12] mouse byte received
[MOUSE] packet dx/dy received
[EVENT] MouseMove
[GUI] cursor redraw
[IRQ12] mouse byte received
[IRQ12] mouse byte received
[IRQ12] mouse byte received
[IRQ12] mouse byte received
[MOUSE] packet dx/dy received
[EVENT] MouseMove
[GUI] cursor redraw
[IRQ12] mouse byte received
[IRQ12] mouse byte received
[IRQ12] mouse byte received
[IRQ12] mouse byte received
[MOUSE] packet dx/dy received
[EVENT] MouseMove
[GUI] cursor redraw
[IRQ12] mouse byte received
[IRQ12] mouse byte received
[IRQ12] mouse byte received
[IRQ12] mouse byte received
[MOUSE] packet dx/dy received
[EVENT] MouseMove
[GUI] cursor redraw
[IRQ12] mouse byte received
[IRQ12] mouse byte received
[IRQ12] mouse byte received
[IRQ12] mouse byte received
[MOUSE] packet dx/dy received
[EVENT] MouseMove
[GUI] cursor redraw
[IRQ12] mouse byte received
[IRQ12] mouse byte received
[IRQ12] mouse byte received
[IRQ12] mouse byte received
[MOUSE] packet dx/dy received
[EVENT] MouseMove
[GUI] cursor redraw
[IRQ12] mouse byte received
[IRQ12] mouse byte received
[IRQ12] mouse byte received
[IRQ12] mouse byte received
[MOUSE] packet dx/dy received
[EVENT] MouseMove
[GUI] cursor redraw
[IRQ12] mouse byte received
[IRQ12] mouse byte received
[IRQ12] mouse byte received
[IRQ12] mouse byte received
[MOUSE] packet dx/dy received
[EVENT] MouseMove
[GUI] cursor redraw
[IRQ12] mouse byte received
[IRQ12] mouse byte received
[IRQ12] mouse byte received
[IRQ12] mouse byte received
[MOUSE] packet dx/dy received
[EVENT] MouseMove
[GUI] cursor redraw
[IRQ12] mouse byte received
[IRQ12] mouse byte received
[IRQ12] mouse byte received
[IRQ12] mouse byte received
[MOUSE] packet dx/dy received
[EVENT] MouseMove
[GUI] cursor redraw
[IRQ12] mouse byte received
[IRQ12] mouse byte received
[IRQ12] mouse byte received
[IRQ12] mouse byte received
[MOUSE] packet dx/dy received
[EVENT] MouseMove
[GUI] cursor redraw
[IRQ12] mouse byte received
[IRQ12] mouse byte received
[IRQ12] mouse byte received
[IRQ12] mouse byte received
[MOUSE] packet dx/dy received
[EVENT] MouseMove
[GUI] cursor redraw
[IRQ12] mouse byte received
[IRQ12] mouse byte received
[IRQ12] mouse byte received
[IRQ12] mouse byte received
[MOUSE] packet dx/dy received
[EVENT] MouseMove
[GUI] cursor redraw
[IRQ12] mouse byte received
[IRQ12] mouse byte received
[IRQ12] mouse byte received
[IRQ12] mouse byte received
[MOUSE] packet dx/dy received
[EVENT] MouseMove
[GUI] cursor redraw
[IRQ12] mouse byte received
[IRQ12] mouse byte received
[IRQ12] mouse byte received
[IRQ12] mouse byte received
[MOUSE] packet dx/dy received
[EVENT] MouseMove
[GUI] cursor redraw
[IRQ12] mouse byte received
[IRQ12] mouse byte received
[IRQ12] mouse byte received
[IRQ12] mouse byte received
[MOUSE] packet dx/dy received
[EVENT] MouseMove
[GUI] cursor redraw
[IRQ12] mouse byte received
[IRQ12] mouse byte received
[IRQ12] mouse byte received
[IRQ12] mouse byte received
[MOUSE] packet dx/dy received
[EVENT] MouseMove
[GUI] cursor redraw
[IRQ12] mouse byte received
[IRQ12] mouse byte received
[IRQ12] mouse byte received
[IRQ12] mouse byte received
[MOUSE] packet dx/dy received
[EVENT] MouseMove
[GUI] cursor redraw
[IRQ12] mouse byte received
[IRQ12] mouse byte received
[IRQ12] mouse byte received
[IRQ12] mouse byte received
[MOUSE] packet dx/dy received
[EVENT] MouseMove
[GUI] cursor redraw
[IRQ12] mouse byte received
[IRQ12] mouse byte received
[IRQ12] mouse byte received
[IRQ12] mouse byte received
[MOUSE] packet dx/dy received
[EVENT] MouseMove
[GUI] cursor redraw
[IRQ12] mouse byte received
[IRQ12] mouse byte received
[IRQ12] mouse byte received
[IRQ12] mouse byte received
[MOUSE] packet dx/dy received
[EVENT] MouseMove
[GUI] cursor redraw
[IRQ12] mouse byte received
[IRQ12] mouse byte received
[IRQ12] mouse byte received
[IRQ12] mouse byte received
[MOUSE] packet dx/dy received
[EVENT] MouseMove
[GUI] cursor redraw
[IRQ12] mouse byte received
[IRQ12] mouse byte received
[IRQ12] mouse byte received
[IRQ12] mouse byte received
[MOUSE] packet dx/dy received
[EVENT] MouseMove
[GUI] cursor redraw
[IRQ12] mouse byte received
[IRQ12] mouse byte received
[IRQ12] mouse byte received
[IRQ12] mouse byte received
[MOUSE] packet dx/dy received
[EVENT] MouseMove
[GUI] cursor redraw
[IRQ12] mouse byte received
[IRQ12] mouse byte received
[IRQ12] mouse byte received
[IRQ12] mouse byte received
[MOUSE] packet dx/dy received
[EVENT] MouseMove
[GUI] cursor redraw
[IRQ12] mouse byte received
[IRQ12] mouse byte received
[IRQ12] mouse byte received
[IRQ12] mouse byte received
[MOUSE] packet dx/dy received
[EVENT] MouseMove
[GUI] cursor redraw
[IRQ12] mouse byte received
[IRQ12] mouse byte received
[IRQ12] mouse byte received
[IRQ12] mouse byte received
[MOUSE] packet dx/dy received
[EVENT] MouseMove
[GUI] cursor redraw
[IRQ12] mouse byte received
[IRQ12] mouse byte received
[IRQ12] mouse byte received
[IRQ12] mouse byte received
[MOUSE] packet dx/dy received
[EVENT] MouseMove
[GUI] cursor redraw
[IRQ12] mouse byte received
[IRQ12] mouse byte received
[IRQ12] mouse byte received
[IRQ12] mouse byte received
[MOUSE] packet dx/dy received
[EVENT] MouseMove
[GUI] cursor redraw
[IRQ12] mouse byte received
[IRQ12] mouse byte received
[IRQ12] mouse byte received
[IRQ12] mouse byte received
[MOUSE] packet dx/dy received
[EVENT] MouseMove
[GUI] cursor redraw
[IRQ12] mouse byte received
[IRQ12] mouse byte received
[IRQ12] mouse byte received
[IRQ12] mouse byte received
[MOUSE] packet dx/dy received
[EVENT] MouseMove
[GUI] cursor redraw
[IRQ12] mouse byte received
[IRQ12] mouse byte received
[IRQ12] mouse byte received
[IRQ12] mouse byte received
[MOUSE] packet dx/dy received
[EVENT] MouseMove
[GUI] cursor redraw
[IRQ12] mouse byte received
[IRQ12] mouse byte received
[IRQ12] mouse byte received
[IRQ12] mouse byte received
[MOUSE] packet dx/dy received
[EVENT] MouseMove
[GUI] cursor redraw
[IRQ12] mouse byte received
[IRQ12] mouse byte received
[IRQ12] mouse byte received
[IRQ12] mouse byte received
[MOUSE] packet dx/dy received
[EVENT] MouseMove
[GUI] cursor redraw
[IRQ12] mouse byte received
[IRQ12] mouse byte received
[IRQ12] mouse byte received
[IRQ12] mouse byte received
[MOUSE] packet dx/dy received
[EVENT] MouseMove
[GUI] cursor redraw
[IRQ12] mouse byte received
[IRQ12] mouse byte received
[IRQ12] mouse byte received
[IRQ12] mouse byte received
[MOUSE] packet dx/dy received
[EVENT] MouseMove
[GUI] cursor redraw
[IRQ12] mouse byte received
[IRQ12] mouse byte received
[IRQ12] mouse byte received
[IRQ12] mouse byte received
[MOUSE] packet dx/dy received
[EVENT] MouseMove
[GUI] cursor redraw
[IRQ12] mouse byte received
[IRQ12] mouse byte received
[IRQ12] mouse byte received
[IRQ12] mouse byte received
[MOUSE] packet dx/dy received
[EVENT] MouseMove
[GUI] cursor redraw
[IRQ12] mouse byte received
[IRQ12] mouse byte received
[IRQ12] mouse byte received
[IRQ12] mouse byte received
[MOUSE] packet dx/dy received
[EVENT] MouseMove
[GUI] cursor redraw
[IRQ12] mouse byte received
[IRQ12] mouse byte received
[IRQ12] mouse byte received
[IRQ12] mouse byte received
[MOUSE] packet dx/dy received
[EVENT] MouseMove
[GUI] cursor redraw
[IRQ12] mouse byte received
[IRQ12] mouse byte received
[IRQ12] mouse byte received
[IRQ12] mouse byte received
[MOUSE] packet dx/dy received
[EVENT] MouseMove
[GUI] cursor redraw
[IRQ12] mouse byte received
[IRQ12] mouse byte received
[IRQ12] mouse byte received
[IRQ12] mouse byte received
[MOUSE] packet dx/dy received
[EVENT] MouseMove
[GUI] cursor redraw
[IRQ12] mouse byte received
[IRQ12] mouse byte received
[IRQ12] mouse byte received
[IRQ12] mouse byte received
[MOUSE] packet dx/dy received
[EVENT] MouseMove
[GUI] cursor redraw
[IRQ12] mouse byte received
[IRQ12] mouse byte received
[IRQ12] mouse byte received
[IRQ12] mouse byte received
[MOUSE] packet dx/dy received
[EVENT] MouseMove
[GUI] cursor redraw
[IRQ12] mouse byte received
[IRQ12] mouse byte received
[IRQ12] mouse byte received
[IRQ12] mouse byte received
[MOUSE] packet dx/dy received
[EVENT] MouseMove
[GUI] cursor redraw
[IRQ12] mouse byte received
[IRQ12] mouse byte received
[IRQ12] mouse byte received
[IRQ12] mouse byte received
[MOUSE] packet dx/dy received
[EVENT] MouseMove
[GUI] cursor redraw
[IRQ12] mouse byte received
[IRQ12] mouse byte received
[IRQ12] mouse byte received
[IRQ12] mouse byte received
[MOUSE] packet dx/dy received
[EVENT] MouseMove
[GUI] cursor redraw
[IRQ12] mouse byte received
[IRQ12] mouse byte received
[IRQ12] mouse byte received
[IRQ12] mouse byte received
[MOUSE] packet dx/dy received
[EVENT] MouseMove
[GUI] cursor redraw
[IRQ12] mouse byte received
[IRQ12] mouse byte received
[IRQ12] mouse byte received
[IRQ12] mouse byte received
[MOUSE] packet dx/dy received
[EVENT] MouseMove
[GUI] cursor redraw
[IRQ12] mouse byte received
[IRQ12] mouse byte received
[IRQ12] mouse byte received
[IRQ12] mouse byte received
[MOUSE] packet dx/dy received
[EVENT] MouseMove
[GUI] cursor redraw
[IRQ12] mouse byte received
[IRQ12] mouse byte received
[IRQ12] mouse byte received
[IRQ12] mouse byte received
[MOUSE] packet dx/dy received
[EVENT] MouseMove
[GUI] cursor redraw
[IRQ12] mouse byte received
[IRQ12] mouse byte received
[IRQ12] mouse byte received
[IRQ12] mouse byte received
[MOUSE] packet dx/dy received
[EVENT] MouseMove
[GUI] cursor redraw
[IRQ12] mouse byte received
[IRQ12] mouse byte received
[IRQ12] mouse byte received
[IRQ12] mouse byte received
[MOUSE] packet dx/dy received
[EVENT] MouseMove
[GUI] cursor redraw
[IRQ12] mouse byte received
[IRQ12] mouse byte received
[IRQ12] mouse byte received
[IRQ12] mouse byte received
[MOUSE] packet dx/dy received
[EVENT] MouseMove
[GUI] cursor redraw
[IRQ12] mouse byte received
[IRQ12] mouse byte received
[IRQ12] mouse byte received
[IRQ12] mouse byte received
[MOUSE] packet dx/dy received
[EVENT] MouseMove
[GUI] cursor redraw
[IRQ12] mouse byte received
[IRQ12] mouse byte received
[IRQ12] mouse byte received
[IRQ12] mouse byte received
[MOUSE] packet dx/dy received
[EVENT] MouseMove
[GUI] cursor redraw
[IRQ12] mouse byte received
[IRQ12] mouse byte received
[IRQ12] mouse byte received
[IRQ12] mouse byte received
[MOUSE] packet dx/dy received
[EVENT] MouseMove
[GUI] cursor redraw
[IRQ12] mouse byte received
[IRQ12] mouse byte received
[IRQ12] mouse byte received
[IRQ12] mouse byte received
[MOUSE] packet dx/dy received
[EVENT] MouseMove
[GUI] cursor redraw
[IRQ12] mouse byte received
[IRQ12] mouse byte received
[IRQ12] mouse byte received
[IRQ12] mouse byte received
[MOUSE] packet dx/dy received
[EVENT] MouseMove
[GUI] cursor redraw
[IRQ12] mouse byte received
[IRQ12] mouse byte received
[IRQ12] mouse byte received
[IRQ12] mouse byte received
[MOUSE] packet dx/dy received
[EVENT] MouseMove
[GUI] cursor redraw
[IRQ12] mouse byte received
[IRQ12] mouse byte received
[IRQ12] mouse byte received
[IRQ12] mouse byte received
[MOUSE] packet dx/dy received
[EVENT] MouseMove
[GUI] cursor redraw
[IRQ12] mouse byte received
[IRQ12] mouse byte received
[IRQ12] mouse byte received
[IRQ12] mouse byte received
[MOUSE] packet dx/dy received
[EVENT] MouseMove
[GUI] cursor redraw
[IRQ12] mouse byte received
[IRQ12] mouse byte received
[IRQ12] mouse byte received
[IRQ12] mouse byte received
[MOUSE] packet dx/dy received
[EVENT] MouseMove
[GUI] cursor redraw
[IRQ12] mouse byte received
[IRQ12] mouse byte received
[IRQ12] mouse byte received
[IRQ12] mouse byte received
[MOUSE] packet dx/dy received
[EVENT] MouseMove
[GUI] cursor redraw
[IRQ12] mouse byte received
[IRQ12] mouse byte received
[IRQ12] mouse byte received
[IRQ12] mouse byte received
[MOUSE] packet dx/dy received
[EVENT] MouseMove
[GUI] cursor redraw
[IRQ12] mouse byte received
[IRQ12] mouse byte received
[IRQ12] mouse byte received
[IRQ12] mouse byte received
[MOUSE] packet dx/dy received
[EVENT] MouseMove
[GUI] cursor redraw
[IRQ12] mouse byte received
[IRQ12] mouse byte received
[IRQ12] mouse byte received
[IRQ12] mouse byte received
[MOUSE] packet dx/dy received
[EVENT] MouseMove
[GUI] cursor redraw
[IRQ12] mouse byte received
[IRQ12] mouse byte received
[IRQ12] mouse byte received
[IRQ12] mouse byte received
[MOUSE] packet dx/dy received
[EVENT] MouseMove
[GUI] cursor redraw
[IRQ12] mouse byte received
[IRQ12] mouse byte received
[IRQ12] mouse byte received
[IRQ12] mouse byte received
[MOUSE] packet dx/dy received
[EVENT] MouseMove
[GUI] cursor redraw
[IRQ12] mouse byte received
[IRQ12] mouse byte received
[IRQ12] mouse byte received
[IRQ12] mouse byte received
[MOUSE] packet dx/dy received
[EVENT] MouseMove
[GUI] cursor redraw
[IRQ12] mouse byte received
[IRQ12] mouse byte received
[IRQ12] mouse byte received
[IRQ12] mouse byte received
[MOUSE] packet dx/dy received
[EVENT] MouseMove
[GUI] cursor redraw
[IRQ12] mouse byte received
[IRQ12] mouse byte received
[IRQ12] mouse byte received
[IRQ12] mouse byte received
[MOUSE] packet dx/dy received
[EVENT] MouseMove
[GUI] cursor redraw
[IRQ12] mouse byte received
[IRQ12] mouse byte received
[IRQ12] mouse byte received
[IRQ12] mouse byte received
[MOUSE] packet dx/dy received
[EVENT] MouseMove
[GUI] cursor redraw
[IRQ12] mouse byte received
[IRQ12] mouse byte received
[IRQ12] mouse byte received
[IRQ12] mouse byte received
[MOUSE] packet dx/dy received
[EVENT] MouseMove
[GUI] cursor redraw
[IRQ12] mouse byte received
[IRQ12] mouse byte received
[IRQ12] mouse byte received
[IRQ12] mouse byte received
[MOUSE] packet dx/dy received
[EVENT] MouseMove
[GUI] cursor redraw
[IRQ12] mouse byte received
[IRQ12] mouse byte received
[IRQ12] mouse byte received
[IRQ12] mouse byte received
[MOUSE] packet dx/dy received
[EVENT] MouseMove
[GUI] cursor redraw
[IRQ12] mouse byte received
[IRQ12] mouse byte received
[IRQ12] mouse byte received
[IRQ12] mouse byte received
[MOUSE] packet dx/dy received
[EVENT] MouseMove
[GUI] cursor redraw
[IRQ12] mouse byte received
[IRQ12] mouse byte received
[IRQ12] mouse byte received
[IRQ12] mouse byte received
[MOUSE] packet dx/dy received
[EVENT] MouseMove
[GUI] cursor redraw
[IRQ12] mouse byte received
[IRQ12] mouse byte received
[IRQ12] mouse byte received
[IRQ12] mouse byte received
[MOUSE] packet dx/dy received
[EVENT] MouseMove
[GUI] cursor redraw
[IRQ12] mouse byte received
[IRQ12] mouse byte received
[IRQ12] mouse byte received
[IRQ12] mouse byte received
[MOUSE] packet dx/dy received
[EVENT] MouseMove
[GUI] cursor redraw
[IRQ12] mouse byte received
[IRQ12] mouse byte received
[IRQ12] mouse byte received
[IRQ12] mouse byte received
[MOUSE] packet dx/dy received
[EVENT] MouseMove
[GUI] cursor redraw
[IRQ12] mouse byte received
[IRQ12] mouse byte received
[IRQ12] mouse byte received
[IRQ12] mouse byte received
[MOUSE] packet dx/dy received
[EVENT] MouseMove
[GUI] cursor redraw
[IRQ12] mouse byte received
[IRQ12] mouse byte received
[IRQ12] mouse byte received
[IRQ12] mouse byte received
[MOUSE] packet dx/dy received
[EVENT] MouseMove
[GUI] cursor redraw
[IRQ12] mouse byte received
[IRQ12] mouse byte received
[IRQ12] mouse byte received
[IRQ12] mouse byte received
[MOUSE] packet dx/dy received
[EVENT] MouseMove
[GUI] cursor redraw
[IRQ12] mouse byte received
[IRQ12] mouse byte received
[IRQ12] mouse byte received
[IRQ12] mouse byte received
[MOUSE] packet dx/dy received
[EVENT] MouseMove
[GUI] cursor redraw
[IRQ12] mouse byte received
[IRQ12] mouse byte received
[IRQ12] mouse byte received
[IRQ12] mouse byte received
[MOUSE] packet dx/dy received
[EVENT] MouseMove
[GUI] cursor redraw
[IRQ12] mouse byte received
[IRQ12] mouse byte received
[IRQ12] mouse byte received
[IRQ12] mouse byte received
[MOUSE] packet dx/dy received
[EVENT] MouseMove
[GUI] cursor redraw
[IRQ12] mouse byte received
[IRQ12] mouse byte received
[IRQ12] mouse byte received
[IRQ12] mouse byte received
[MOUSE] packet dx/dy received
[EVENT] MouseMove
[GUI] cursor redraw
[IRQ12] mouse byte received
[IRQ12] mouse byte received
[IRQ12] mouse byte received
[IRQ12] mouse byte received
[MOUSE] packet dx/dy received
[EVENT] MouseMove
[GUI] cursor redraw
[IRQ12] mouse byte received
[IRQ12] mouse byte received
[IRQ12] mouse byte received
[IRQ12] mouse byte received
[MOUSE] packet dx/dy received
[EVENT] MouseMove
[GUI] cursor redraw
[IRQ12] mouse byte received
[IRQ12] mouse byte received
[IRQ12] mouse byte received
[IRQ12] mouse byte received
[MOUSE] packet dx/dy received
[EVENT] MouseMove
[GUI] cursor redraw
[IRQ12] mouse byte received
[IRQ12] mouse byte received
[IRQ12] mouse byte received
[IRQ12] mouse byte received
[MOUSE] packet dx/dy received
[EVENT] MouseMove
[GUI] cursor redraw
[IRQ12] mouse byte received
[IRQ12] mouse byte received
[IRQ12] mouse byte received
[IRQ12] mouse byte received
[MOUSE] packet dx/dy received
[EVENT] MouseMove
[GUI] cursor redraw
[IRQ12] mouse byte received
[IRQ12] mouse byte received
[IRQ12] mouse byte received
[IRQ12] mouse byte received
[MOUSE] packet dx/dy received
[EVENT] MouseMove
[GUI] cursor redraw
[IRQ12] mouse byte received
[IRQ12] mouse byte received
[IRQ12] mouse byte received
[IRQ12] mouse byte received
[MOUSE] packet dx/dy received
[EVENT] MouseMove
[GUI] cursor redraw
[IRQ12] mouse byte received
[IRQ12] mouse byte received
[IRQ12] mouse byte received
[IRQ12] mouse byte received
[MOUSE] packet dx/dy received
[EVENT] MouseMove
[GUI] cursor redraw
[IRQ12] mouse byte received
[IRQ12] mouse byte received
[IRQ12] mouse byte received
[IRQ12] mouse byte received
[MOUSE] packet dx/dy received
[EVENT] MouseMove
[GUI] cursor redraw
[IRQ12] mouse byte received
[IRQ12] mouse byte received
[IRQ12] mouse byte received
[IRQ12] mouse byte received
[MOUSE] packet dx/dy received
[EVENT] MouseMove
[GUI] cursor redraw
[IRQ12] mouse byte received
[IRQ12] mouse byte received
[IRQ12] mouse byte received
[IRQ12] mouse byte received
[MOUSE] packet dx/dy received
[EVENT] MouseMove
[GUI] cursor redraw
[IRQ12] mouse byte received
[IRQ12] mouse byte received
[IRQ12] mouse byte received
[IRQ12] mouse byte received
[MOUSE] packet dx/dy received
[EVENT] MouseMove
[GUI] cursor redraw
[IRQ12] mouse byte received
[IRQ12] mouse byte received
[IRQ12] mouse byte received
[IRQ12] mouse byte received
[MOUSE] packet dx/dy received
[EVENT] MouseMove
[GUI] cursor redraw
[IRQ12] mouse byte received
[IRQ12] mouse byte received
[IRQ12] mouse byte received
[IRQ12] mouse byte received
[MOUSE] packet dx/dy received
[EVENT] MouseMove
[GUI] cursor redraw
[IRQ12] mouse byte received
[IRQ12] mouse byte received
[IRQ12] mouse byte received
[IRQ12] mouse byte received
[MOUSE] packet dx/dy received
[EVENT] MouseMove
[GUI] cursor redraw
[IRQ12] mouse byte received
[IRQ12] mouse byte received
[IRQ12] mouse byte received
[IRQ12] mouse byte received
[MOUSE] packet dx/dy received
[EVENT] MouseMove
[GUI] cursor redraw
[IRQ12] mouse byte received
[IRQ12] mouse byte received
[IRQ12] mouse byte received
[IRQ12] mouse byte received
[MOUSE] packet dx/dy received
[EVENT] MouseMove
[GUI] cursor redraw
[IRQ12] mouse byte received
[IRQ12] mouse byte received
[IRQ12] mouse byte received
[IRQ12] mouse byte received
[MOUSE] packet dx/dy received
[EVENT] MouseMove
[GUI] cursor redraw
[IRQ12] mouse byte received
[IRQ12] mouse byte received
[IRQ12] mouse byte received
[IRQ12] mouse byte received
[MOUSE] packet dx/dy received
[EVENT] MouseMove
[GUI] cursor redraw
[IRQ12] mouse byte received
[IRQ12] mouse byte received
[IRQ12] mouse byte received
[IRQ12] mouse byte received
[MOUSE] packet dx/dy received
[EVENT] MouseMove
[GUI] cursor redraw
[IRQ12] mouse byte received
[IRQ12] mouse byte received
[IRQ12] mouse byte received
[IRQ12] mouse byte received
[MOUSE] packet dx/dy received
[EVENT] MouseMove
[GUI] cursor redraw
[IRQ12] mouse byte received
[IRQ12] mouse byte received
[IRQ12] mouse byte received
[IRQ12] mouse byte received
[MOUSE] packet dx/dy received
[EVENT] MouseMove
[GUI] cursor redraw
[IRQ12] mouse byte received
[IRQ12] mouse byte received
[IRQ12] mouse byte received
[IRQ12] mouse byte received
[MOUSE] packet dx/dy received
[EVENT] MouseMove
[GUI] cursor redraw
[IRQ12] mouse byte received
[IRQ12] mouse byte received
[IRQ12] mouse byte received
[IRQ12] mouse byte received
[MOUSE] packet dx/dy received
[EVENT] MouseMove
[GUI] cursor redraw
[IRQ12] mouse byte received
[IRQ12] mouse byte received
[IRQ12] mouse byte received
[IRQ12] mouse byte received
[MOUSE] packet dx/dy received
[EVENT] MouseMove
[GUI] cursor redraw
[IRQ12] mouse byte received
[IRQ12] mouse byte received
[IRQ12] mouse byte received
[IRQ12] mouse byte received
[MOUSE] packet dx/dy received
[EVENT] MouseMove
[GUI] cursor redraw
[IRQ12] mouse byte received
[IRQ12] mouse byte received
[IRQ12] mouse byte received
[IRQ12] mouse byte received
[MOUSE] packet dx/dy received
[EVENT] MouseMove
[GUI] cursor redraw
[IRQ12] mouse byte received
[IRQ12] mouse byte received
[IRQ12] mouse byte received
[IRQ12] mouse byte received
[MOUSE] packet dx/dy received
[EVENT] MouseMove
[GUI] cursor redraw
[IRQ12] mouse byte received
[IRQ12] mouse byte received
[IRQ12] mouse byte received
[IRQ12] mouse byte received
[MOUSE] packet dx/dy received
[EVENT] MouseMove
[GUI] cursor redraw
[IRQ12] mouse byte received
[IRQ12] mouse byte received
[IRQ12] mouse byte received
[IRQ12] mouse byte received
[MOUSE] packet dx/dy received
[EVENT] MouseMove
[GUI] cursor redraw
[IRQ12] mouse byte received
[IRQ12] mouse byte received
[IRQ12] mouse byte received
[IRQ12] mouse byte received
[MOUSE] packet dx/dy received
[EVENT] MouseMove
[GUI] cursor redraw
[IRQ12] mouse byte received
[IRQ12] mouse byte received
[IRQ12] mouse byte received
[IRQ12] mouse byte received
[MOUSE] packet dx/dy received
[EVENT] MouseMove
[GUI] cursor redraw
[IRQ12] mouse byte received
[IRQ12] mouse byte received
[IRQ12] mouse byte received
[IRQ12] mouse byte received
[MOUSE] packet dx/dy received
[EVENT] MouseMove
[GUI] cursor redraw
[IRQ12] mouse byte received
[IRQ12] mouse byte received
[IRQ12] mouse byte received
[IRQ12] mouse byte received
[MOUSE] packet dx/dy received
[EVENT] MouseMove
[GUI] cursor redraw
[IRQ12] mouse byte received
[IRQ12] mouse byte received
[IRQ12] mouse byte received
[IRQ12] mouse byte received
[MOUSE] packet dx/dy received
[EVENT] MouseMove
[GUI] cursor redraw
[IRQ12] mouse byte received
[IRQ12] mouse byte received
[IRQ12] mouse byte received
[IRQ12] mouse byte received
[MOUSE] packet dx/dy received
[EVENT] MouseMove
[GUI] cursor redraw
[IRQ12] mouse byte received
[IRQ12] mouse byte received
[IRQ12] mouse byte received
[IRQ12] mouse byte received
[MOUSE] packet dx/dy received
[EVENT] MouseMove
[GUI] cursor redraw
[IRQ12] mouse byte received
[IRQ12] mouse byte received
[IRQ12] mouse byte received
[IRQ12] mouse byte received
[MOUSE] packet dx/dy received
[EVENT] MouseMove
[GUI] cursor redraw
[IRQ12] mouse byte received
[IRQ12] mouse byte received
[IRQ12] mouse byte received
[IRQ12] mouse byte received
[MOUSE] packet dx/dy received
[EVENT] MouseMove
[GUI] cursor redraw
[IRQ12] mouse byte received
[IRQ12] mouse byte received
[IRQ12] mouse byte received
[IRQ12] mouse byte received
[MOUSE] packet dx/dy received
[EVENT] MouseMove
[GUI] cursor redraw
[IRQ12] mouse byte received
[IRQ12] mouse byte received
[IRQ12] mouse byte received
[IRQ12] mouse byte received
[MOUSE] packet dx/dy received
[EVENT] MouseMove
[GUI] cursor redraw
[IRQ12] mouse byte received
[IRQ12] mouse byte received
[IRQ12] mouse byte received
[IRQ12] mouse byte received
[MOUSE] packet dx/dy received
[EVENT] MouseMove
[GUI] cursor redraw
[IRQ12] mouse byte received
[IRQ12] mouse byte received
[IRQ12] mouse byte received
[IRQ12] mouse byte received
[MOUSE] packet dx/dy received
[EVENT] MouseMove
[GUI] cursor redraw
[IRQ12] mouse byte received
[IRQ12] mouse byte received
[IRQ12] mouse byte received
[IRQ12] mouse byte received
[MOUSE] packet dx/dy received
[EVENT] MouseMove
[GUI] cursor redraw
[IRQ12] mouse byte received
[IRQ12] mouse byte received
[IRQ12] mouse byte received
[IRQ12] mouse byte received
[MOUSE] packet dx/dy received
[EVENT] MouseMove
[GUI] cursor redraw
[IRQ12] mouse byte received
[IRQ12] mouse byte received
[IRQ12] mouse byte received
[IRQ12] mouse byte received
[MOUSE] packet dx/dy received
[EVENT] MouseMove
[GUI] cursor redraw
[IRQ12] mouse byte received
[IRQ12] mouse byte received
[IRQ12] mouse byte received
[IRQ12] mouse byte received
[MOUSE] packet dx/dy received
[EVENT] MouseMove
[GUI] cursor redraw
[IRQ12] mouse byte received
[IRQ12] mouse byte received
[IRQ12] mouse byte received
[IRQ12] mouse byte received
[MOUSE] packet dx/dy received
[EVENT] MouseMove
[GUI] cursor redraw
[IRQ12] mouse byte received
[IRQ12] mouse byte received
[IRQ12] mouse byte received
[IRQ12] mouse byte received
[MOUSE] packet dx/dy received
[EVENT] MouseMove
[GUI] cursor redraw
[IRQ12] mouse byte received
[IRQ12] mouse byte received
[IRQ12] mouse byte received
[IRQ12] mouse byte received
[MOUSE] packet dx/dy received
[EVENT] MouseMove
[GUI] cursor redraw
[IRQ12] mouse byte received
[IRQ12] mouse byte received
[IRQ12] mouse byte received
[IRQ12] mouse byte received
[MOUSE] packet dx/dy received
[EVENT] MouseMove
[GUI] cursor redraw
[IRQ12] mouse byte received
[IRQ12] mouse byte received
[IRQ12] mouse byte received
[IRQ12] mouse byte received
[MOUSE] packet dx/dy received
[EVENT] MouseMove
[GUI] cursor redraw
[IRQ12] mouse byte received
[IRQ12] mouse byte received
[IRQ12] mouse byte received
[IRQ12] mouse byte received
[MOUSE] packet dx/dy received
[EVENT] MouseMove
[GUI] cursor redraw
[IRQ12] mouse byte received
[IRQ12] mouse byte received
[IRQ12] mouse byte received
[IRQ12] mouse byte received
[MOUSE] packet dx/dy received
[EVENT] MouseMove
[GUI] cursor redraw
[IRQ12] mouse byte received
[IRQ12] mouse byte received
[IRQ12] mouse byte received
[IRQ12] mouse byte received
[MOUSE] packet dx/dy received
[EVENT] MouseMove
[GUI] cursor redraw
[IRQ12] mouse byte received
[IRQ12] mouse byte received
[IRQ12] mouse byte received
[IRQ12] mouse byte received
[MOUSE] packet dx/dy received
[EVENT] MouseMove
[GUI] cursor redraw
[IRQ12] mouse byte received
[IRQ12] mouse byte received
[IRQ12] mouse byte received
[IRQ12] mouse byte received
[MOUSE] packet dx/dy received
[EVENT] MouseMove
[GUI] cursor redraw
[IRQ12] mouse byte received
[IRQ12] mouse byte received
[IRQ12] mouse byte received
[IRQ12] mouse byte received
[MOUSE] packet dx/dy received
[EVENT] MouseMove
[GUI] cursor redraw
[IRQ12] mouse byte received
[IRQ12] mouse byte received
[IRQ12] mouse byte received
[IRQ12] mouse byte received
[MOUSE] packet dx/dy received
[EVENT] MouseMove
[GUI] cursor redraw
[IRQ12] mouse byte received
[IRQ12] mouse byte received
[IRQ12] mouse byte received
[IRQ12] mouse byte received
[MOUSE] packet dx/dy received
[EVENT] MouseMove
[GUI] cursor redraw
[IRQ12] mouse byte received
[IRQ12] mouse byte received
[IRQ12] mouse byte received
[IRQ12] mouse byte received
[MOUSE] packet dx/dy received
[EVENT] MouseMove
[GUI] cursor redraw
[IRQ12] mouse byte received
[IRQ12] mouse byte received
[IRQ12] mouse byte received
[IRQ12] mouse byte received
[MOUSE] packet dx/dy received
[EVENT] MouseMove
[GUI] cursor redraw
[IRQ12] mouse byte received
[IRQ12] mouse byte received
[IRQ12] mouse byte received
[IRQ12] mouse byte received
[MOUSE] packet dx/dy received
[EVENT] MouseMove
[GUI] cursor redraw
[IRQ12] mouse byte received
[IRQ12] mouse byte received
[IRQ12] mouse byte received
[IRQ12] mouse byte received
[MOUSE] packet dx/dy received
[EVENT] MouseMove
[GUI] cursor redraw
[IRQ12] mouse byte received
[IRQ12] mouse byte received
[IRQ12] mouse byte received
[IRQ12] mouse byte received
[MOUSE] packet dx/dy received
[EVENT] MouseMove
[GUI] cursor redraw
[IRQ12] mouse byte received
[IRQ12] mouse byte received
[IRQ12] mouse byte received
[IRQ12] mouse byte received
[MOUSE] packet dx/dy received
[EVENT] MouseMove
[GUI] cursor redraw
[IRQ12] mouse byte received
[IRQ12] mouse byte received
[IRQ12] mouse byte received
[IRQ12] mouse byte received
[MOUSE] packet dx/dy received
[EVENT] MouseMove
[GUI] cursor redraw
[IRQ12] mouse byte received
[IRQ12] mouse byte received
[IRQ12] mouse byte received
[IRQ12] mouse byte received
[MOUSE] packet dx/dy received
[EVENT] MouseMove
[GUI] cursor redraw
[IRQ12] mouse byte received
[IRQ12] mouse byte received
[IRQ12] mouse byte received
[IRQ12] mouse byte received
[MOUSE] packet dx/dy received
[EVENT] MouseMove
[GUI] cursor redraw
[IRQ12] mouse byte received
[IRQ12] mouse byte received
[IRQ12] mouse byte received
[IRQ12] mouse byte received
[MOUSE] packet dx/dy received
[EVENT] MouseMove
[GUI] cursor redraw
[IRQ12] mouse byte received
[IRQ12] mouse byte received
[IRQ12] mouse byte received
[IRQ12] mouse byte received
[MOUSE] packet dx/dy received
[EVENT] MouseMove
[GUI] cursor redraw
[IRQ12] mouse byte received
[IRQ12] mouse byte received
[IRQ12] mouse byte received
[IRQ12] mouse byte received
[MOUSE] packet dx/dy received
[EVENT] MouseMove
[GUI] cursor redraw
[IRQ12] mouse byte received
[IRQ12] mouse byte received
[IRQ12] mouse byte received
[IRQ12] mouse byte received
[MOUSE] packet dx/dy received
[EVENT] MouseMove
[GUI] cursor redraw
[IRQ12] mouse byte received
[IRQ12] mouse byte received
[IRQ12] mouse byte received
[IRQ12] mouse byte received
[MOUSE] packet dx/dy received
[EVENT] MouseMove
[GUI] cursor redraw
[IRQ12] mouse byte received
[IRQ12] mouse byte received
[IRQ12] mouse byte received
[IRQ12] mouse byte received
[MOUSE] packet dx/dy received
[EVENT] MouseMove
[GUI] cursor redraw
[IRQ12] mouse byte received
[IRQ12] mouse byte received
[IRQ12] mouse byte received
[IRQ12] mouse byte received
[MOUSE] packet dx/dy received
[EVENT] MouseMove
[GUI] cursor redraw
[IRQ12] mouse byte received
[IRQ12] mouse byte received
[IRQ12] mouse byte received
[IRQ12] mouse byte received
[MOUSE] packet dx/dy received
[EVENT] MouseMove
[GUI] cursor redraw
[IRQ12] mouse byte received
[IRQ12] mouse byte received
[IRQ12] mouse byte received
[IRQ12] mouse byte received
[MOUSE] packet dx/dy received
[EVENT] MouseMove
[GUI] cursor redraw
[IRQ12] mouse byte received
[IRQ12] mouse byte received
[IRQ12] mouse byte received
[IRQ12] mouse byte received
[MOUSE] packet dx/dy received
[EVENT] MouseMove
[GUI] cursor redraw
